<?xml version="1.0" encoding="UTF-8"?>
<!-- Generated by org.testng.reporters.JUnitReportReporter -->
<testsuite skipped="0" hostname="DESKTOP-CTF5VAH" name="ejagruti.finsys.modules.ApplicationLaunching" tests="2" failures="0" timestamp="16 Jun 2018 13:56:10 GMT" time="33.925" errors="0">
  <testcase name="SelectBrowser" time="19.852" classname="ejagruti.finsys.modules.ApplicationLaunching"/>
  <testcase name="SelectBrowser" time="14.073" classname="ejagruti.finsys.modules.ApplicationLaunching"/>
</testsuite> <!-- ejagruti.finsys.modules.ApplicationLaunching -->
