<?xml version="1.0" encoding="UTF-8"?>
<!-- Generated by org.testng.reporters.JUnitReportReporter -->
<testsuite skipped="0" hostname="DESKTOP-CTF5VAH" name="ejagruti.finsys.modules.CreateNewCompany" tests="1" failures="0" timestamp="16 Jun 2018 13:56:10 GMT" time="7.248" errors="0">
  <testcase name="createCompany" time="7.248" classname="ejagruti.finsys.modules.CreateNewCompany"/>
</testsuite> <!-- ejagruti.finsys.modules.CreateNewCompany -->
